\BOOKMARK [0][]{chapter*.3}{List\040of\040Figures}{}% 1
\BOOKMARK [0][]{chapter*.4}{Introduction}{}% 2
\BOOKMARK [0][]{chapter.1}{Datacenter\040networks}{}% 3
\BOOKMARK [1][]{section.1.1}{Interconnection\040network\040design}{chapter.1}% 4
\BOOKMARK [1][]{section.1.2}{Traffic\040engineering}{chapter.1}% 5
\BOOKMARK [2][]{subsection.1.2.1}{Traffic\040control\040objective:\040FCT}{section.1.2}% 6
\BOOKMARK [2][]{subsection.1.2.2}{Traffic\040properties}{section.1.2}% 7
\BOOKMARK [2][]{subsection.1.2.3}{Challenges\040in\040traffic\040control}{section.1.2}% 8
\BOOKMARK [2][]{subsection.1.2.4}{Datacenter\040TCP\(DCTCP\)}{section.1.2}% 9
\BOOKMARK [0][]{chapter.2}{Reducing\040FCT\040with\040flow\040prioritization}{}% 10
\BOOKMARK [1][]{section.2.1}{Theoretical\040scheduling\040background}{chapter.2}% 11
\BOOKMARK [2][]{subsection.2.1.1}{Flow-aware\040disciplines}{section.2.1}% 12
\BOOKMARK [2][]{subsection.2.1.2}{Flow-agnostic\040disciplines}{section.2.1}% 13
\BOOKMARK [1][]{section.2.2}{State-of-the-art\040solutions\040in\040practical\040networks}{chapter.2}% 14
\BOOKMARK [2][]{subsection.2.2.1}{pFabric:\040targeting\040ideal\040schedulers}{section.2.2}% 15
\BOOKMARK [2][]{subsection.2.2.2}{PIAS:\040the\040reference\040model}{section.2.2}% 16
\BOOKMARK [1][]{section.2.3}{The\040problem\040of\040demotion\040thresholds}{chapter.2}% 17
\BOOKMARK [2][]{subsection.2.3.1}{Stochastic\040queueing\040model}{section.2.3}% 18
\BOOKMARK [2][]{subsection.2.3.2}{Greedy\040threshold\040assignment}{section.2.3}% 19
\BOOKMARK [0][]{chapter.3}{The\040spatial-diversity\040framework}{}% 20
\BOOKMARK [1][]{section.3.1}{Improving\040scheduling\040with\040spatial-diversity}{chapter.3}% 21
\BOOKMARK [2][]{subsection.3.1.1}{Abstraction\040as\040queuing\040system}{section.3.1}% 22
\BOOKMARK [1][]{section.3.2}{Mathematical\040formulation\040for\040spatial-diversity}{chapter.3}% 23
\BOOKMARK [2][]{subsection.3.2.1}{Decouple\040load\040balance\040from\040sub-thresholds}{section.3.2}% 24
\BOOKMARK [0][]{chapter.4}{Numerical\040analysis\040of\040spatial\040diversity}{}% 25
\BOOKMARK [1][]{section.4.1}{Model\040implementation}{chapter.4}% 26
\BOOKMARK [2][]{subsection.4.1.1}{Workloads}{section.4.1}% 27
\BOOKMARK [2][]{subsection.4.1.2}{Optimal\040traffic\040load\040balancing}{section.4.1}% 28
\BOOKMARK [1][]{section.4.2}{Dimensioning\040spatial\040diversity}{chapter.4}% 29
\BOOKMARK [2][]{subsection.4.2.1}{Effects\040of\040SD-rank\040and\040PQ\040granularity}{section.4.2}% 30
\BOOKMARK [2][]{subsection.4.2.2}{Impairments\040of\040spatial-diversity}{section.4.2}% 31
\BOOKMARK [2][]{subsection.4.2.3}{Final\040comparison}{section.4.2}% 32
\BOOKMARK [0][]{chapter.5}{Evaluation\040in\040a\040Datacenter\040Network}{}% 33
\BOOKMARK [1][]{section.5.1}{title}{chapter.5}% 34
\BOOKMARK [2][]{subsection.5.1.1}{title}{section.5.1}% 35
\BOOKMARK [2][]{subsection.5.1.2}{title}{section.5.1}% 36
\BOOKMARK [1][]{section.5.2}{title}{chapter.5}% 37
\BOOKMARK [2][]{subsection.5.2.1}{title}{section.5.2}% 38
\BOOKMARK [2][]{subsection.5.2.2}{title}{section.5.2}% 39
\BOOKMARK [0][]{chapter*.41}{Bibliography}{}% 40
